\BOOKMARK [0][-]{chapter.1}{\376\377\000O\000v\000e\000r\000v\000i\000e\000w}{}% 1
\BOOKMARK [0][-]{chapter.2}{\376\377\000D\000o\000c\000u\000m\000e\000n\000t\000a\000t\000i\000o\000n}{}% 2
\BOOKMARK [1][-]{section.2.1}{\376\377\000I\000n\000s\000t\000a\000l\000l\000a\000t\000i\000o\000n}{chapter.2}% 3
\BOOKMARK [2][-]{subsection.2.1.1}{\376\377\000D\000o\000w\000n\000l\000o\000a\000d\000i\000n\000g\000\040\000t\000h\000e\000\040\000I\000n\000s\000t\000a\000l\000l\000e\000r}{section.2.1}% 4
\BOOKMARK [2][-]{subsection.2.1.2}{\376\377\000I\000n\000s\000t\000a\000l\000l\000i\000n\000g\000\040\000t\000h\000e\000\040\000A\000p\000p}{section.2.1}% 5
\BOOKMARK [1][-]{section.2.2}{\376\377\000G\000e\000n\000e\000r\000a\000l\000\040\000S\000y\000n\000t\000a\000x}{chapter.2}% 6
\BOOKMARK [2][-]{subsection.2.2.1}{\376\377\000O\000v\000e\000r\000v\000i\000e\000w}{section.2.2}% 7
\BOOKMARK [2][-]{subsection.2.2.2}{\376\377\000C\000h\000e\000c\000k\000\040\000i\000f\000\040\000C\000e\000l\000t\000i\000c\000\040\000i\000s\000\040\000I\000n\000s\000t\000a\000l\000l\000e\000d}{section.2.2}% 8
\BOOKMARK [2][-]{subsection.2.2.3}{\376\377\000A\000r\000g\000u\000m\000e\000n\000t\000\040\000T\000y\000p\000e\000s}{section.2.2}% 9
\BOOKMARK [2][-]{subsection.2.2.4}{\376\377\000R\000e\000t\000u\000r\000n\000s}{section.2.2}% 10
\BOOKMARK [1][-]{section.2.3}{\376\377\000E\000r\000r\000o\000r\000\040\000C\000o\000d\000e\000s}{chapter.2}% 11
\BOOKMARK [2][-]{subsection.2.3.1}{\376\377\000O\000v\000e\000r\000v\000i\000e\000w}{section.2.3}% 12
\BOOKMARK [2][-]{subsection.2.3.2}{\376\377\000D\000o\000c\000u\000m\000e\000n\000t\000a\000t\000i\000o\000n}{section.2.3}% 13
\BOOKMARK [1][-]{section.2.4}{\376\377\000C\000o\000l\000o\000r\000s}{chapter.2}% 14
\BOOKMARK [2][-]{subsection.2.4.1}{\376\377\000O\000v\000e\000r\000v\000i\000e\000w}{section.2.4}% 15
\BOOKMARK [2][-]{subsection.2.4.2}{\376\377\000C\000o\000l\000o\000r\000s}{section.2.4}% 16
\BOOKMARK [0][-]{chapter.3}{\376\377\000F\000u\000n\000c\000t\000i\000o\000n\000\040\000S\000y\000n\000t\000a\000x}{}% 17
\BOOKMARK [1][-]{section.3.1}{\376\377\000C\000e\000l\000t\000i\000c\000\040\0002\000\040\000C\000S\000E\000\040\000F\000u\000n\000c\000t\000i\000o\000n\000s}{chapter.3}% 18
\BOOKMARK [2][-]{subsection.3.1.1}{\376\377\000O\000v\000e\000r\000v\000i\000e\000w}{section.3.1}% 19
\BOOKMARK [2][-]{subsection.3.1.2}{\376\377\000D\000o\000c\000u\000m\000e\000n\000t\000a\000t\000i\000o\000n}{section.3.1}% 20
\BOOKMARK [1][-]{section.3.2}{\376\377\000D\000o\000o\000r\000s\000\040\000C\000E\000\040\0009\000\040\000F\000u\000n\000c\000t\000i\000o\000n\000s}{chapter.3}% 21
\BOOKMARK [2][-]{subsection.3.2.1}{\376\377\000O\000v\000e\000r\000v\000i\000e\000w}{section.3.2}% 22
\BOOKMARK [2][-]{subsection.3.2.2}{\376\377\000D\000o\000c\000u\000m\000e\000n\000t\000a\000t\000i\000o\000n}{section.3.2}% 23
